Arguments: 
  /home/farmisen/.nvm/versions/node/v12.16.1/bin/node /usr/share/yarn/bin/yarn.js

PATH: 
  /home/farmisen/anaconda3/bin:/home/farmisen/anaconda3/condabin:/home/farmisen/.nix-profile/bin:/home/farmisen/.yarn/bin:/home/farmisen/.nvm/versions/node/v12.16.1/bin:/home/farmisen/.local/bin:/home/farmisen/.rvm/gems/ruby-2.6.3/bin:/home/farmisen/.rvm/gems/ruby-2.6.3@global/bin:/home/farmisen/.rvm/rubies/ruby-2.6.3/bin:/usr/local/bin:/usr/local/sbin:/home/farmisen/.local/kitty.app/bin:/usr/sbin:/usr/bin:/sbin:/bin:/usr/games:/usr/local/games:/snap/bin:/home/farmisen/.dotnet/tools:/home/farmisen/.rvm/bin:/home/farmisen/anaconda3/bin:/home/farmisen/.rvm/bin

Yarn version: 
  1.21.1

Node version: 
  12.16.1

Platform: 
  linux x64

Trace: 
  SyntaxError: /home/farmisen/Projects/fa/csvdb/package.json: Unexpected token } in JSON at position 116
      at JSON.parse (<anonymous>)
      at /usr/share/yarn/lib/cli.js:1625:59
      at Generator.next (<anonymous>)
      at step (/usr/share/yarn/lib/cli.js:310:30)
      at /usr/share/yarn/lib/cli.js:321:13

npm manifest: 
  {
    "dependencies": {
      "csvtojson": "^2.0.10",
      "lodash.isequal": "^4.5.0",
      "objects-to-csv": "^1.3.6",
    },
    "devDependencies": {
      "@babel/cli": "^7.8.4",
      "@babel/core": "^7.9.0",
      "@babel/node": "^7.8.7",
      "@babel/preset-env": "^7.9.5",
      "babel-eslint": "^10.1.0",
      "babel-jest": "^25.3.0",
      "eslint": "^6.8.0",
      "eslint-config-prettier": "^6.10.1",
      "eslint-plugin-prettier": "^3.1.3",
      "jest": "^25.3.0",
      "prettier": "^2.0.4",
      "string-to-stream": "^3.0.1"
    },
    "scripts": {
      "test": "jest",
      "lint": "eslint ./src"
    }
  }

yarn manifest: 
  No manifest

Lockfile: 
  No lockfile
